[debug] [2021-06-04T11:48:29.832Z] ----------------------------------------------------------------------
[debug] [2021-06-04T11:48:29.835Z] Command:       C:\Program Files\nodejs\node.exe C:\Users\Grace\AppData\Roaming\npm\node_modules\firebase-tools\lib\bin\firebase.js init
[debug] [2021-06-04T11:48:29.835Z] CLI Version:   9.12.1
[debug] [2021-06-04T11:48:29.835Z] Platform:      win32
[debug] [2021-06-04T11:48:29.835Z] Node Version:  v14.16.0
[debug] [2021-06-04T11:48:29.837Z] Time:          Fri Jun 04 2021 19:48:29 GMT+0800 (Philippine Standard Time)
[debug] [2021-06-04T11:48:29.837Z] ----------------------------------------------------------------------
[debug] 
[debug] [2021-06-04T11:48:29.845Z] > command requires scopes: ["email","openid","https://www.googleapis.com/auth/cloudplatformprojects.readonly","https://www.googleapis.com/auth/firebase","https://www.googleapis.com/auth/cloud-platform"]
[debug] [2021-06-04T11:48:29.845Z] > authorizing via signed-in user (sabado.quin@gmail.com)
[info] 
     ######## #### ########  ######## ########     ###     ######  ########
     ##        ##  ##     ## ##       ##     ##  ##   ##  ##       ##
     ######    ##  ########  ######   ########  #########  ######  ######
     ##        ##  ##    ##  ##       ##     ## ##     ##       ## ##
     ##       #### ##     ## ######## ########  ##     ##  ######  ########

You're about to initialize a Firebase project in this directory:

  C:\Users\Grace\Documents\Work\admath-solver-app

[info] 
=== Project Setup
[info] 
[info] First, let's associate this project directory with a Firebase project.
[info] You can create multiple project aliases by running firebase use --add, 
[info] but for now we'll just set up a default project.
[info] 
[debug] [2021-06-04T11:48:39.326Z] > refreshing access token with scopes: []
[debug] [2021-06-04T11:48:39.327Z] >>> HTTP REQUEST POST https://www.googleapis.com/oauth2/v3/token  
 <request body omitted>
[debug] [2021-06-04T11:48:39.874Z] <<< HTTP RESPONSE 200 {"expires":"Mon, 01 Jan 1990 00:00:00 GMT","cache-control":"no-cache, no-store, max-age=0, must-revalidate","date":"Fri, 04 Jun 2021 11:48:40 GMT","pragma":"no-cache","content-type":"application/json; charset=utf-8","vary":"X-Origin, Referer, Origin,Accept-Encoding","server":"scaffolding on HTTPServer2","x-xss-protection":"0","x-frame-options":"SAMEORIGIN","x-content-type-options":"nosniff","alt-svc":"h3-29=\":443\"; ma=2592000,h3-T051=\":443\"; ma=2592000,h3-Q050=\":443\"; ma=2592000,h3-Q046=\":443\"; ma=2592000,h3-Q043=\":443\"; ma=2592000,quic=\":443\"; ma=2592000; v=\"46,43\"","accept-ranges":"none","transfer-encoding":"chunked"}
[debug] [2021-06-04T11:48:39.894Z] >>> [apiv2][query] GET https://firebase.googleapis.com/v1beta1/projects pageSize=100
[debug] [2021-06-04T11:48:41.060Z] <<< [apiv2][status] GET https://firebase.googleapis.com/v1beta1/projects 200
[debug] [2021-06-04T11:48:41.061Z] <<< [apiv2][body] GET https://firebase.googleapis.com/v1beta1/projects [omitted]
[info] i  Using project admath-solver (admath-solver) 
[info] 
=== Hosting Setup
[info] 
[info] Your public directory is the folder (relative to your project directory) that
[info] will contain Hosting assets to be uploaded with firebase deploy. If you
[info] have a build process for your assets, use your build's output directory.
[info] 
[debug] [2021-06-04T11:49:03.642Z] >>> [apiv2][query] GET https://www.gstatic.com/firebasejs/releases.json [none]
[debug] [2021-06-04T11:49:04.289Z] <<< [apiv2][status] GET https://www.gstatic.com/firebasejs/releases.json 200
[debug] [2021-06-04T11:49:04.290Z] <<< [apiv2][body] GET https://www.gstatic.com/firebasejs/releases.json {"current":{"version":"8.6.4","browserURL":"https://www.gstatic.com/firebasejs/8.6.4/firebase.js","packageURL":"https://www.gstatic.com/firebasejs/8.6.4/firebase.tgz"},"live":{"version":"8.6","browserURL":"https://www.gstatic.com/firebasejs/live/8.6/firebase.js","packageURL":"https://www.gstatic.com/firebasejs/live/8.6/firebase.tgz"},"components":{"analytics":"https://www.gstatic.com/firebasejs/8.6.4/firebase-analytics.js","app":"https://www.gstatic.com/firebasejs/8.6.4/firebase-app.js","app-check":"https://www.gstatic.com/firebasejs/8.6.4/firebase-app-check.js","auth":"https://www.gstatic.com/firebasejs/8.6.4/firebase-auth.js","database":"https://www.gstatic.com/firebasejs/8.6.4/firebase-database.js","firestore":"https://www.gstatic.com/firebasejs/8.6.4/firebase-firestore.js","functions":"https://www.gstatic.com/firebasejs/8.6.4/firebase-functions.js","installations":"https://www.gstatic.com/firebasejs/8.6.4/firebase-installations.js","messaging":"https://www.gstatic.com/firebasejs/8.6.4/firebase-messaging.js","storage":"https://www.gstatic.com/firebasejs/8.6.4/firebase-storage.js","performance":"https://www.gstatic.com/firebasejs/8.6.4/firebase-performance.js","remote-config":"https://www.gstatic.com/firebasejs/8.6.4/firebase-remote-config.js","firestore.memory":"https://www.gstatic.com/firebasejs/8.6.4/firebase-firestore.memory.js"}}
[info] i  Skipping write of public/index.html 
[info] 
[info] i  Detected a .git folder at C:\Users\Grace\Documents\Work\admath-solver-app 
[info] i  Authorizing with GitHub to upload your service account to a GitHub repository's secrets store. 
[info] 
[info] Visit this URL on this device to log in:
[info] https://github.com/login/oauth/authorize?client_id=89cf50f02ac6aaed3484&state=315985439&redirect_uri=http%3A%2F%2Flocalhost%3A9005&scope=read%3Auser%20repo%20public_repo
[info] 
[info] Waiting for authentication...
[debug] [2021-06-04T11:49:17.045Z] >>> HTTP REQUEST POST https://github.com/login/oauth/access_token  
 {"client_id":"89cf50f02ac6aaed3484","client_secret":"3330d14abc895d9a74d5f17cd7a00711fa2c5bf0","code":"57cba8e0cbff6d56ae64","redirect_uri":"http://localhost:9005","state":"315985439"}
[debug] [2021-06-04T11:49:18.314Z] <<< HTTP RESPONSE 200 {"server":"GitHub.com","date":"Fri, 04 Jun 2021 11:49:18 GMT","content-type":"application/json; charset=utf-8","transfer-encoding":"chunked","vary":"X-PJAX, Accept-Encoding, Accept, X-Requested-With","permissions-policy":"interest-cohort=()","etag":"W/\"e5827f0297a7a4ed46827376eb575ed2\"","cache-control":"max-age=0, private, must-revalidate","strict-transport-security":"max-age=31536000; includeSubdomains; preload","x-frame-options":"deny","x-content-type-options":"nosniff","x-xss-protection":"0","referrer-policy":"origin-when-cross-origin, strict-origin-when-cross-origin","expect-ct":"max-age=2592000, report-uri=\"https://api.github.com/_private/browser/errors\"","content-security-policy":"default-src 'none'; base-uri 'self'; block-all-mixed-content; connect-src 'self' uploads.github.com www.githubstatus.com collector.githubapp.com api.github.com github-cloud.s3.amazonaws.com github-production-repository-file-5c1aeb.s3.amazonaws.com github-production-upload-manifest-file-7fdce7.s3.amazonaws.com github-production-user-asset-6210df.s3.amazonaws.com html-translator.herokuapp.com cdn.optimizely.com logx.optimizely.com/v1/events wss://alive.github.com; font-src github.githubassets.com; form-action 'self' github.com gist.github.com; frame-ancestors 'none'; frame-src render.githubusercontent.com; img-src 'self' data: github.githubassets.com identicons.github.com collector.githubapp.com github-cloud.s3.amazonaws.com secured-user-images.githubusercontent.com/ *.githubusercontent.com; manifest-src 'self'; media-src 'none'; script-src github.githubassets.com; style-src 'unsafe-inline' github.githubassets.com; worker-src github.com/socket-worker-3f088aa2.js gist.github.com/socket-worker-3f088aa2.js","x-github-request-id":"CD00:7D33:118AA02:127D284:60BA133E"}
[debug] [2021-06-04T11:49:18.318Z] >>> [apiv2][query] GET https://api.github.com/user [none]
[debug] [2021-06-04T11:49:19.108Z] <<< [apiv2][status] GET https://api.github.com/user 200
[debug] [2021-06-04T11:49:19.109Z] <<< [apiv2][body] GET https://api.github.com/user {"login":"quingls","id":60169044,"node_id":"MDQ6VXNlcjYwMTY5MDQ0","avatar_url":"https://avatars.githubusercontent.com/u/60169044?v=4","gravatar_id":"","url":"https://api.github.com/users/quingls","html_url":"https://github.com/quingls","followers_url":"https://api.github.com/users/quingls/followers","following_url":"https://api.github.com/users/quingls/following{/other_user}","gists_url":"https://api.github.com/users/quingls/gists{/gist_id}","starred_url":"https://api.github.com/users/quingls/starred{/owner}{/repo}","subscriptions_url":"https://api.github.com/users/quingls/subscriptions","organizations_url":"https://api.github.com/users/quingls/orgs","repos_url":"https://api.github.com/users/quingls/repos","events_url":"https://api.github.com/users/quingls/events{/privacy}","received_events_url":"https://api.github.com/users/quingls/received_events","type":"User","site_admin":false,"name":null,"company":null,"blog":"","location":null,"email":null,"hireable":null,"bio":null,"twitter_username":null,"public_repos":9,"public_gists":0,"followers":0,"following":0,"created_at":"2020-01-22T05:16:57Z","updated_at":"2021-06-04T10:05:49Z","private_gists":0,"total_private_repos":5,"owned_private_repos":5,"disk_usage":5236,"collaborators":2,"two_factor_authentication":false,"plan":{"name":"free","space":976562499,"collaborators":0,"private_repos":10000}}
[info] 
[info] +  Success! Logged into GitHub as quingls 
[info] 
